1667870124768:help
1667870394768:echo juju
1667870667367:hello
1667870670537:help
1667885839817:setup-show -n 1 -r 1 -s 5 -c 1
1667885935216:help
1667885943694:view-show
1667885950939:view-show 1
1667885963115:exit
1667900197644:book -n 1 -p 818 -s A1 B2 C3 D4
1667900223171:exit
1667900257685:book -n 1 -p 123 -s A1 B2 C3
1667900896600:exit
1667914648683:create-show -n 1 -r 3 -s 5 -c 2
1667914690898:setup-show -n 1 -r 3 -s 5 -c 2
1667914862322:setup-show -r
1667914892067:setup-show -n 1 -r 3 -s 5 -c 2
1667916071794:availability -n 1
1667917842386:book -n 1 -p 999 -s A1,B2,C3
1667917886056:book -n 1 -p 999 -s A1, B2
1667918450308:book -n 1 -p 999 -s A1,B2,C3
1667918577250:stacktrace
1667918621954:book -n 1 -p 999 -s A1,B2,C3
1667918735640:book -n 2 -p 999 -s A10,B2,C3
1667919288873:setup-show -n 1 -r 3 -s 5 -c 2
1667919302866:availabiliity -n 1
1667919316413:availability -n 1
1667919342684:book -n 1 -p 999 -s A1,A2,A3
1667919349605:availability -n 1
1667919374016:book -n 1 -p 991 -s B1,B2
1667919385772:availability -n 1
1667919916817:setup-show -n 1 -r 3 -s 5 -c 10
1667919967895:book -n 1 -p 999 -s A1,A2,A3
1667919992640:cancel -t 1999 -p 999
1667920534853:setup-show -n 1 -r 3 -s 5 -c 10
1667920540165:book -n 1 -p 999 -s A1,A2,A3
1667920546715:cancel -t 1999 -p 999
1667920555668:availability -n 1
1667920588672:setup-show -n 2 -r 3 -s 3 -c 1
1667920606723:book -n 2 -p 991 -s A1,A2,A3
1667920686593:cancel -t 2991 -p 999
1667920696247:availability -n 2
1667922526562:setup-show -n 1 -r 3 -s 5 -c 10
1667922571633:book -n 1 -p 999 -s A1,A2,A3
1667922586063:view-show -n 1
1667922800159:setup-show -n 1 -r 3 -s 5 -c 10
1667922806023:book -n 1 -p 999 -s A1,A2,A3
1667922825237:book -n 1 -p 991 -s B1,B2,B3
1667922842460:view-show -n 1
1667922895504:cancel -t 1999 -p 999
1667922903692:view-show -n 1
1667922907843:exit
1667925127822:availability -n 1
1667925139580:view -n 1
1667925167347:setup-show -n 1 -r 27 -s 1 -c 1
1667925183762:setup-show -n 1 -r 26 -s 111 -c 1
1667925198292:setup-show -n 1 -r 26 -s 1 -c -1
1667925277550:setup-show -n 1 -r 3 -s 5 -c -10
1667925314498:setup-show -n 1 -r 3 -s 5 -c 2.5
1667925355487:setup-show -n 1 -r 3 -s 5.1 -c 10
1667925389178:view -n 1
1667925399162:availability -n 1
1667926699523:setup-show -n 1 -r 3 -s 5 -c 10
1667926728218:book -n 2 -p 999 -s A1,A2,A3
1667926743018:book -n 1 -p 999 -s A1,A2,A3
1667926778244:setup-show -n 1 -r 3 -s 5 -c 10
1667926783902:book -n 1 -p 999 -s A1,A2,A3
1667926807397:book -n 1 -p 999 -s B1,B2
1667926826661:book -n 1 -p 991 -s A1,A2,A3
1667926841802:book -n 1 -p 991 -s B1,B2
1667926865643:cancel -n 1997 -p 999
1667926881457:cancel -t 1997 -p 999
1667926956724:setup-show -n 1 -r 3 -s 5 -c 2
1667926962239:book -n 1 -p 999 -s A1,A2,A3
1667926986140:cancel -t 1997 -p 999
1667927089209:cancel -t 1999 -p 999
1667927094569:view -n 1
1667927102032:availability -n 1
1667927166027:exit
1667927242466:setup-show -n 1 -r 3 -s 5 -c 10
1667927281201:setup-show -n 1 -r 27 -s 5 -c 10
1667927291489:setup-show -n 2 -r 27 -s 5 -c 10
1667927302883:setup-show -n 2 -r 3 -s 11 -c 10
1667927317602:setup-show -n 2 -r 3 -s 10 -c -10
1667927341229:clear
1667927342776:help
1667927430166:setup-show -n 2 -r 3 -s 10 -c 10
1667927441667:book -n 1 -p 999 -s A1,A2,A3
1667927446867:book -n 2 -p 999 -s A1,A2,A3
1667927452033:view -n 1
1667927457731:view -n 2
1667927463793:clear
1667927465418:exit
1667962992664:availability -n 1
1667963017423:cancel -t 1999 -p 999
1667963021947:exit
1667992465961:setup -n 1 -r 3 -s 5 -c 2
1667992508969:book -n 1 -p 12345678 -s A1,A2,A3
1667992679629:setup -n 1 -r 3 -s 5 -c 2
1667992696857:book -n 1 -p 12345678 -s A1,A2,A3
1667992742838:book -n 1 -p 123 -s Z1
1667992938528:view -n 1
1667993498455:setup -n 1 -r 3 -s 5 -c 2
1667993510232:book -n 1 -p 123 -s Z1
1667993522280:view -n 1
1667993541946:availability -n 1
1667993344616:exit
1667994856390:setup -n 1 -r 1 -s 1 -c 1
1667994860641:view -n 1
1667994871253:availability -n 1
1667994884800:book -n 1 -p 99 -s Z1
1667994897760:book -n 1 -p 999 -s A1
